[02-May-2024 13:23:18 UTC] PHP Fatal error:  Cannot use isset() on the result of an expression (you can use "null !== expression" instead) in /Applications/AMPPS/www/lbook_green/app/views/edloanacc/index.php on line 47
[02-May-2024 16:03:21 UTC] PHP Notice:  Undefined index: id in /Applications/AMPPS/www/lbook_green/app/controllers/processor/fetchPending.php on line 28
[02-May-2024 16:03:32 UTC] PHP Notice:  Undefined index: id in /Applications/AMPPS/www/lbook_green/app/controllers/processor/fetchPending.php on line 28
[02-May-2024 16:03:42 UTC] PHP Notice:  Undefined index: id in /Applications/AMPPS/www/lbook_green/app/controllers/processor/fetchPending.php on line 28
[02-May-2024 16:03:52 UTC] PHP Notice:  Undefined index: id in /Applications/AMPPS/www/lbook_green/app/controllers/processor/fetchPending.php on line 28
[02-May-2024 16:25:58 UTC] PHP Notice:  Undefined variable: db in /Applications/AMPPS/www/lbook_green/app/models/extend_function.php on line 837
[02-May-2024 16:25:58 UTC] PHP Fatal error:  Uncaught Error: Call to a member function InsertRecords() on null in /Applications/AMPPS/www/lbook_green/app/models/extend_function.php:837
Stack trace:
#0 /Applications/AMPPS/www/lbook_green/app/controllers/processor/fetchLoan.php(20): extend_function->calcPenalty()
#1 /Applications/AMPPS/www/lbook_green/app/core/app.php(44): amwork_controller->index()
#2 /Applications/AMPPS/www/lbook_green/index.php(18): App->__construct()
#3 {main}
  thrown in /Applications/AMPPS/www/lbook_green/app/models/extend_function.php on line 837
[02-May-2024 16:27:23 UTC] PHP Notice:  Undefined variable: penalty in /Applications/AMPPS/www/lbook_green/app/controllers/processor/check_amt_topay.php on line 58
[02-May-2024 16:28:37 UTC] PHP Notice:  Undefined variable: penalty in /Applications/AMPPS/www/lbook_green/app/controllers/processor/check_amt_topay.php on line 58
[04-May-2024 17:10:15 UTC] PHP Notice:  Undefined index: status in /Applications/AMPPS/www/lbook_green/app/views/index.php on line 21
[04-May-2024 17:10:15 UTC] PHP Notice:  Undefined index: role in /Applications/AMPPS/www/lbook_green/app/views/template/sidebar.php on line 110
[04-May-2024 17:10:15 UTC] PHP Fatal error:  Uncaught PDOException: SQLSTATE[42000]: Syntax error or access violation: 1064 You have an error in your SQL syntax; check the manual that corresponds to your MySQL server version for the right syntax to use near 'AND CCODE = 340059' at line 1 in /Applications/AMPPS/www/lbook_green/app/models/extend_function.php:364
Stack trace:
#0 /Applications/AMPPS/www/lbook_green/app/models/extend_function.php(364): PDOStatement->execute()
#1 /Applications/AMPPS/www/lbook_green/app/models/extend_function.php(144): extend_function->get_data_here_value(Object(PDOStatement), 'REGISTER')
#2 /Applications/AMPPS/www/lbook_green/app/views/template/sidebar.php(110): extend_function->register_role(NULL)
#3 /Applications/AMPPS/www/lbook_green/app/views/index.php(24): require_once('/Applications/A...')
#4 /Applications/AMPPS/www/lbook_green/app/core/route.php(49): require('/Applications/A...')
#5 /Applications/AMPPS/www/lbook_green/app/controllers/repayment/index.php(26): route->view('index', Array, 'repayment')
#6 /Applications/AMPPS/www/lbook_green/app/core/app.php(27): amwork_controller->index()
#7 /Applications/AMPPS/www/lbook_green/index.php(18): App->__construct()
#8 {main}
  thrown in /Applications/AMPPS/www/lbook_green/app/models/extend_function.php on line 364
[13-May-2024 12:52:10 UTC] PHP Notice:  Undefined index: ccode in /Applications/AMPPS/www/lbook_green/app/controllers/processor/processLogin.php on line 113
[13-May-2024 12:52:10 UTC] PHP Fatal error:  Uncaught PDOException: SQLSTATE[42000]: Syntax error or access violation: 1064 You have an error in your SQL syntax; check the manual that corresponds to your MySQL server version for the right syntax to use near 'ORDER BY ID DESC LIMIT 1000' at line 1 in /Applications/AMPPS/www/lbook_green/app/models/extend_function.php:288
Stack trace:
#0 /Applications/AMPPS/www/lbook_green/app/models/extend_function.php(288): PDOStatement->execute()
#1 /Applications/AMPPS/www/lbook_green/app/controllers/processor/processLogin.php(114): extend_function->getAllData(Object(PDOStatement))
#2 /Applications/AMPPS/www/lbook_green/app/controllers/processor/processLogin.php(81): amwork_controller->calcInterest()
#3 /Applications/AMPPS/www/lbook_green/app/controllers/processor/processLogin.php(28): amwork_controller->login()
#4 /Applications/AMPPS/www/lbook_green/app/core/app.php(44): amwork_controller->index()
#5 /Applications/AMPPS/www/lbook_green/index.php(18): App->__construct()
#6 {main}
  thrown in /Applications/AMPPS/www/lbook_green/app/models/extend_function.php on line 288
[13-May-2024 13:29:01 UTC] PHP Notice:  Undefined index: lid in /Applications/AMPPS/www/lbook_green/app/views/edloanacc/index.php on line 3
[13-May-2024 13:33:45 UTC] PHP Parse error:  syntax error, unexpected '"name"' (T_CONSTANT_ENCAPSED_STRING), expecting ')' in /Applications/AMPPS/www/lbook_green/app/controllers/processor/upload_file.php on line 69
[13-May-2024 13:35:12 UTC] PHP Parse error:  syntax error, unexpected '"name"' (T_CONSTANT_ENCAPSED_STRING), expecting ')' in /Applications/AMPPS/www/lbook_green/app/controllers/processor/upload_file.php on line 69
[13-May-2024 13:36:44 UTC] PHP Parse error:  syntax error, unexpected '"name"' (T_CONSTANT_ENCAPSED_STRING), expecting ')' in /Applications/AMPPS/www/lbook_green/app/controllers/processor/upload_file.php on line 69
[13-May-2024 13:37:19 UTC] PHP Parse error:  syntax error, unexpected '"name"' (T_CONSTANT_ENCAPSED_STRING), expecting ')' in /Applications/AMPPS/www/lbook_green/app/controllers/processor/upload_file.php on line 69
[13-May-2024 13:38:02 UTC] PHP Notice:  Undefined property: amwork_controller::$user in /Applications/AMPPS/www/lbook_green/app/controllers/processor/upload_file.php on line 75
[13-May-2024 13:38:02 UTC] PHP Fatal error:  Uncaught Error: Call to a member function InsertRecords() on null in /Applications/AMPPS/www/lbook_green/app/controllers/processor/upload_file.php:75
Stack trace:
#0 /Applications/AMPPS/www/lbook_green/app/controllers/processor/upload_file.php(90): amwork_controller->upload()
#1 /Applications/AMPPS/www/lbook_green/app/core/app.php(44): amwork_controller->index()
#2 /Applications/AMPPS/www/lbook_green/index.php(18): App->__construct()
#3 {main}
  thrown in /Applications/AMPPS/www/lbook_green/app/controllers/processor/upload_file.php on line 75
[13-May-2024 13:38:23 UTC] PHP Notice:  Undefined variable: source in /Applications/AMPPS/www/lbook_green/app/views/edloanacc/index.php on line 455
[13-May-2024 13:38:47 UTC] PHP Notice:  Undefined variable: source in /Applications/AMPPS/www/lbook_green/app/views/edloanacc/index.php on line 455
[13-May-2024 13:42:42 UTC] PHP Warning:  move_uploaded_file(upload/forms/img158628.jpeg): failed to open stream: No such file or directory in /Applications/AMPPS/www/lbook_green/app/controllers/processor/upload_file.php on line 69
[13-May-2024 13:42:42 UTC] PHP Warning:  move_uploaded_file(): Unable to move '/private/var/tmp/phpKT8T6f' to 'upload/forms/img158628.jpeg' in /Applications/AMPPS/www/lbook_green/app/controllers/processor/upload_file.php on line 69
[13-May-2024 15:09:15 UTC] PHP Fatal error:  Uncaught PDOException: SQLSTATE[42S22]: Column not found: 1054 Unknown column 'undefined' in 'where clause' in /Applications/AMPPS/www/lbook_green/app/models/extend_function.php:364
Stack trace:
#0 /Applications/AMPPS/www/lbook_green/app/models/extend_function.php(364): PDOStatement->execute()
#1 /Applications/AMPPS/www/lbook_green/app/controllers/processor/check_form.php(27): extend_function->get_data_here_value(Object(PDOStatement), 'ID')
#2 /Applications/AMPPS/www/lbook_green/app/controllers/processor/check_form.php(18): amwork_controller->upload_image()
#3 /Applications/AMPPS/www/lbook_green/app/core/app.php(44): amwork_controller->index()
#4 /Applications/AMPPS/www/lbook_green/index.php(18): App->__construct()
#5 {main}
  thrown in /Applications/AMPPS/www/lbook_green/app/models/extend_function.php on line 364
[13-May-2024 15:11:37 UTC] PHP Fatal error:  Uncaught PDOException: SQLSTATE[42S22]: Column not found: 1054 Unknown column 'undefined' in 'where clause' in /Applications/AMPPS/www/lbook_green/app/models/extend_function.php:364
Stack trace:
#0 /Applications/AMPPS/www/lbook_green/app/models/extend_function.php(364): PDOStatement->execute()
#1 /Applications/AMPPS/www/lbook_green/app/controllers/processor/check_form.php(27): extend_function->get_data_here_value(Object(PDOStatement), 'ID')
#2 /Applications/AMPPS/www/lbook_green/app/controllers/processor/check_form.php(18): amwork_controller->upload_image()
#3 /Applications/AMPPS/www/lbook_green/app/core/app.php(44): amwork_controller->index()
#4 /Applications/AMPPS/www/lbook_green/index.php(18): App->__construct()
#5 {main}
  thrown in /Applications/AMPPS/www/lbook_green/app/models/extend_function.php on line 364
[13-May-2024 19:28:42 UTC] PHP Notice:  Undefined index: status in /Applications/AMPPS/www/lbook_green/app/views/index.php on line 21
[13-May-2024 19:28:42 UTC] PHP Notice:  Undefined index: role in /Applications/AMPPS/www/lbook_green/app/views/template/sidebar.php on line 129
[13-May-2024 19:28:42 UTC] PHP Fatal error:  Uncaught PDOException: SQLSTATE[42000]: Syntax error or access violation: 1064 You have an error in your SQL syntax; check the manual that corresponds to your MySQL server version for the right syntax to use near 'AND CCODE = 340059' at line 1 in /Applications/AMPPS/www/lbook_green/app/models/extend_function.php:364
Stack trace:
#0 /Applications/AMPPS/www/lbook_green/app/models/extend_function.php(364): PDOStatement->execute()
#1 /Applications/AMPPS/www/lbook_green/app/models/extend_function.php(144): extend_function->get_data_here_value(Object(PDOStatement), 'REGISTER')
#2 /Applications/AMPPS/www/lbook_green/app/views/template/sidebar.php(129): extend_function->register_role(NULL)
#3 /Applications/AMPPS/www/lbook_green/app/views/index.php(24): require_once('/Applications/A...')
#4 /Applications/AMPPS/www/lbook_green/app/core/route.php(49): require('/Applications/A...')
#5 /Applications/AMPPS/www/lbook_green/app/controllers/loan_account/index.php(17): route->view('index', Array, 'loan_account')
#6 /Applications/AMPPS/www/lbook_green/app/core/app.php(27): amwork_controller->index()
#7 /Applications/AMPPS/www/lbook_green/index.php(18): App->__construct()
#8 {main}
  thrown in /Applications/AMPPS/www/lbook_green/app/models/extend_function.php on line 364
[27-May-2024 21:17:26 UTC] PHP Notice:  Undefined index: ccode in /Applications/AMPPS/www/lbook_green/app/controllers/processor/processLogin.php on line 113
[27-May-2024 21:17:26 UTC] PHP Fatal error:  Uncaught PDOException: SQLSTATE[42000]: Syntax error or access violation: 1064 You have an error in your SQL syntax; check the manual that corresponds to your MySQL server version for the right syntax to use near 'ORDER BY ID DESC LIMIT 1000' at line 1 in /Applications/AMPPS/www/lbook_green/app/models/extend_function.php:288
Stack trace:
#0 /Applications/AMPPS/www/lbook_green/app/models/extend_function.php(288): PDOStatement->execute()
#1 /Applications/AMPPS/www/lbook_green/app/controllers/processor/processLogin.php(114): extend_function->getAllData(Object(PDOStatement))
#2 /Applications/AMPPS/www/lbook_green/app/controllers/processor/processLogin.php(81): amwork_controller->calcInterest()
#3 /Applications/AMPPS/www/lbook_green/app/controllers/processor/processLogin.php(28): amwork_controller->login()
#4 /Applications/AMPPS/www/lbook_green/app/core/app.php(44): amwork_controller->index()
#5 /Applications/AMPPS/www/lbook_green/index.php(18): App->__construct()
#6 {main}
  thrown in /Applications/AMPPS/www/lbook_green/app/models/extend_function.php on line 288
[27-May-2024 21:21:58 UTC] PHP Notice:  Undefined variable: src in /Applications/AMPPS/www/lbook_green/app/controllers/processor/upload_file.php on line 78
[24-Jun-2024 12:35:23 UTC] PHP Notice:  Undefined index: id in /Applications/AMPPS/www/lbook_green/app/controllers/processor/fetchPending.php on line 28
[24-Jun-2024 12:35:33 UTC] PHP Notice:  Undefined index: id in /Applications/AMPPS/www/lbook_green/app/controllers/processor/fetchPending.php on line 28
[24-Jun-2024 12:35:43 UTC] PHP Notice:  Undefined index: id in /Applications/AMPPS/www/lbook_green/app/controllers/processor/fetchPending.php on line 28
[24-Jun-2024 12:35:53 UTC] PHP Notice:  Undefined index: id in /Applications/AMPPS/www/lbook_green/app/controllers/processor/fetchPending.php on line 28
[24-Jun-2024 12:36:03 UTC] PHP Notice:  Undefined index: id in /Applications/AMPPS/www/lbook_green/app/controllers/processor/fetchPending.php on line 28
[24-Jun-2024 12:36:13 UTC] PHP Notice:  Undefined index: id in /Applications/AMPPS/www/lbook_green/app/controllers/processor/fetchPending.php on line 28
[24-Jun-2024 12:36:23 UTC] PHP Notice:  Undefined index: id in /Applications/AMPPS/www/lbook_green/app/controllers/processor/fetchPending.php on line 28
[24-Jun-2024 12:36:33 UTC] PHP Notice:  Undefined index: id in /Applications/AMPPS/www/lbook_green/app/controllers/processor/fetchPending.php on line 28
[24-Jun-2024 12:36:43 UTC] PHP Notice:  Undefined index: id in /Applications/AMPPS/www/lbook_green/app/controllers/processor/fetchPending.php on line 28
[24-Jun-2024 12:36:53 UTC] PHP Notice:  Undefined index: id in /Applications/AMPPS/www/lbook_green/app/controllers/processor/fetchPending.php on line 28
[24-Jun-2024 12:37:03 UTC] PHP Notice:  Undefined index: id in /Applications/AMPPS/www/lbook_green/app/controllers/processor/fetchPending.php on line 28
[24-Jun-2024 12:37:13 UTC] PHP Notice:  Undefined index: id in /Applications/AMPPS/www/lbook_green/app/controllers/processor/fetchPending.php on line 28
[24-Jun-2024 12:37:23 UTC] PHP Notice:  Undefined index: id in /Applications/AMPPS/www/lbook_green/app/controllers/processor/fetchPending.php on line 28
[24-Jun-2024 12:37:34 UTC] PHP Notice:  Undefined index: id in /Applications/AMPPS/www/lbook_green/app/controllers/processor/fetchPending.php on line 28
[24-Jun-2024 12:37:43 UTC] PHP Notice:  Undefined index: id in /Applications/AMPPS/www/lbook_green/app/controllers/processor/fetchPending.php on line 28
[24-Jun-2024 12:37:53 UTC] PHP Notice:  Undefined index: id in /Applications/AMPPS/www/lbook_green/app/controllers/processor/fetchPending.php on line 28
[24-Jun-2024 12:38:03 UTC] PHP Notice:  Undefined index: id in /Applications/AMPPS/www/lbook_green/app/controllers/processor/fetchPending.php on line 28
[24-Jun-2024 12:38:14 UTC] PHP Notice:  Undefined index: id in /Applications/AMPPS/www/lbook_green/app/controllers/processor/fetchPending.php on line 28
[24-Jun-2024 12:38:24 UTC] PHP Notice:  Undefined index: id in /Applications/AMPPS/www/lbook_green/app/controllers/processor/fetchPending.php on line 28
[24-Jun-2024 12:38:34 UTC] PHP Notice:  Undefined index: id in /Applications/AMPPS/www/lbook_green/app/controllers/processor/fetchPending.php on line 28
[24-Jun-2024 12:38:44 UTC] PHP Notice:  Undefined index: id in /Applications/AMPPS/www/lbook_green/app/controllers/processor/fetchPending.php on line 28
[24-Jun-2024 12:38:54 UTC] PHP Notice:  Undefined index: id in /Applications/AMPPS/www/lbook_green/app/controllers/processor/fetchPending.php on line 28
[24-Jun-2024 12:39:04 UTC] PHP Notice:  Undefined index: id in /Applications/AMPPS/www/lbook_green/app/controllers/processor/fetchPending.php on line 28
[24-Jun-2024 12:39:14 UTC] PHP Notice:  Undefined index: id in /Applications/AMPPS/www/lbook_green/app/controllers/processor/fetchPending.php on line 28
[24-Jun-2024 12:39:24 UTC] PHP Notice:  Undefined index: id in /Applications/AMPPS/www/lbook_green/app/controllers/processor/fetchPending.php on line 28
[02-Aug-2024 20:25:49 UTC] PHP Notice:  Undefined index: lid in /Applications/AMPPS/www/lbook_green/app/views/edloanacc/index.php on line 3
[02-Aug-2024 20:36:00 UTC] PHP Notice:  Undefined index: lid in /Applications/AMPPS/www/lbook_green/app/views/edloanacc/index.php on line 3
[02-Aug-2024 20:36:00 UTC] PHP Notice:  Undefined variable: emptype in /Applications/AMPPS/www/lbook_green/app/views/edloanacc/index.php on line 223
[02-Aug-2024 20:37:07 UTC] PHP Notice:  Undefined index: lid in /Applications/AMPPS/www/lbook_green/app/views/edloanacc/index.php on line 3
[02-Aug-2024 20:39:20 UTC] PHP Notice:  Undefined index: lid in /Applications/AMPPS/www/lbook_green/app/views/edloanacc/index.php on line 3
[02-Aug-2024 20:43:41 UTC] PHP Notice:  Undefined index: lid in /Applications/AMPPS/www/lbook_green/app/views/edloanacc/index.php on line 3
[02-Aug-2024 20:43:50 UTC] PHP Notice:  Undefined index: lid in /Applications/AMPPS/www/lbook_green/app/views/edloanacc/index.php on line 3
[02-Aug-2024 21:41:30 UTC] PHP Notice:  Undefined variable: db in /Applications/AMPPS/www/lbook_green/app/models/extend_function.php on line 950
[02-Aug-2024 21:41:30 UTC] PHP Fatal error:  Uncaught Error: Call to a member function get_data_here_value() on null in /Applications/AMPPS/www/lbook_green/app/models/extend_function.php:950
Stack trace:
#0 /Applications/AMPPS/www/lbook_green/app/controllers/processor/postNewLoan.php(46): extend_function->fetchcustomerid('GRE/BUS/2024/00...')
#1 /Applications/AMPPS/www/lbook_green/app/controllers/processor/postNewLoan.php(20): amwork_controller->post_loan()
#2 /Applications/AMPPS/www/lbook_green/app/core/app.php(44): amwork_controller->index()
#3 /Applications/AMPPS/www/lbook_green/index.php(18): App->__construct()
#4 {main}
  thrown in /Applications/AMPPS/www/lbook_green/app/models/extend_function.php on line 950
[03-Aug-2024 10:59:01 UTC] PHP Notice:  Undefined index: lid in /Applications/AMPPS/www/lbook_green/app/views/edloanacc/index.php on line 3
[03-Aug-2024 10:59:22 UTC] PHP Fatal error:  Uncaught Error: Call to undefined function loan_sms() in /Applications/AMPPS/www/lbook_green/app/controllers/processor/send_sms_loan.php:30
Stack trace:
#0 /Applications/AMPPS/www/lbook_green/app/controllers/processor/send_sms_loan.php(18): amwork_controller->fetch_contact()
#1 /Applications/AMPPS/www/lbook_green/app/core/app.php(44): amwork_controller->index()
#2 /Applications/AMPPS/www/lbook_green/index.php(18): App->__construct()
#3 {main}
  thrown in /Applications/AMPPS/www/lbook_green/app/controllers/processor/send_sms_loan.php on line 30
[03-Aug-2024 11:00:12 UTC] PHP Notice:  Undefined variable: numbers in /Applications/AMPPS/www/lbook_green/app/models/extend_function.php on line 722
[03-Aug-2024 11:00:13 UTC] PHP Fatal error:  Uncaught Error: Object of class stdClass could not be converted to string in /Applications/AMPPS/www/lbook_green/app/controllers/processor/send_sms_loan.php:30
Stack trace:
#0 /Applications/AMPPS/www/lbook_green/app/controllers/processor/send_sms_loan.php(18): amwork_controller->fetch_contact()
#1 /Applications/AMPPS/www/lbook_green/app/core/app.php(44): amwork_controller->index()
#2 /Applications/AMPPS/www/lbook_green/index.php(18): App->__construct()
#3 {main}
  thrown in /Applications/AMPPS/www/lbook_green/app/controllers/processor/send_sms_loan.php on line 30
[03-Aug-2024 11:01:03 UTC] PHP Fatal error:  Uncaught Error: Object of class stdClass could not be converted to string in /Applications/AMPPS/www/lbook_green/app/controllers/processor/send_sms_loan.php:30
Stack trace:
#0 /Applications/AMPPS/www/lbook_green/app/controllers/processor/send_sms_loan.php(18): amwork_controller->fetch_contact()
#1 /Applications/AMPPS/www/lbook_green/app/core/app.php(44): amwork_controller->index()
#2 /Applications/AMPPS/www/lbook_green/index.php(18): App->__construct()
#3 {main}
  thrown in /Applications/AMPPS/www/lbook_green/app/controllers/processor/send_sms_loan.php on line 30
[03-Aug-2024 11:04:05 UTC] PHP Parse error:  syntax error, unexpected '=>' (T_DOUBLE_ARROW), expecting ')' in /Applications/AMPPS/www/lbook_green/app/controllers/processor/send_sms_loan.php on line 30
[05-Aug-2024 14:55:13 UTC] PHP Warning:  A non-numeric value encountered in /Applications/AMPPS/www/lbook_green/app/controllers/processor/fetchLoanProdDet.php on line 34
[05-Aug-2024 20:59:33 UTC] PHP Notice:  Undefined variable: loanid in /Applications/AMPPS/www/lbook_green/app/models/extend_function.php on line 901
[05-Aug-2024 20:59:33 UTC] PHP Notice:  Undefined variable: customerid in /Applications/AMPPS/www/lbook_green/app/models/extend_function.php on line 901
[05-Aug-2024 20:59:33 UTC] PHP Fatal error:  Uncaught PDOException: SQLSTATE[42000]: Syntax error or access violation: 1064 You have an error in your SQL syntax; check the manual that corresponds to your MySQL server version for the right syntax to use near 'AND CUSTOMERID=' at line 1 in /Applications/AMPPS/www/lbook_green/app/models/extend_function.php:391
Stack trace:
#0 /Applications/AMPPS/www/lbook_green/app/models/extend_function.php(391): PDOStatement->execute()
#1 /Applications/AMPPS/www/lbook_green/app/models/extend_function.php(901): extend_function->get_data_here_value(Object(PDOStatement), 'AMT')
#2 /Applications/AMPPS/www/lbook_green/app/controllers/processor/fetchLoan.php(20): extend_function->validateLoan()
#3 /Applications/AMPPS/www/lbook_green/app/core/app.php(44): amwork_controller->index()
#4 /Applications/AMPPS/www/lbook_green/index.php(18): App->__construct()
#5 {main}
  thrown in /Applications/AMPPS/www/lbook_green/app/models/extend_function.php on line 391
